  GUI.cpp
f:\cie205project_code_s2021\gui\gui.cpp(247): warning C4996: 'itoa': The POSIX name for this item is deprecated. Instead, use the ISO C and C++ conformant name: _itoa. See online help for details.
  c:\program files (x86)\windows kits\10\include\10.0.10240.0\ucrt\stdlib.h(1316): note: see declaration of 'itoa'
  Enemy.cpp
  Demo_Main.cpp
  windowinput.cpp
  mousequeue.cpp
  keyqueue.cpp
  image.cpp
f:\cie205project_code_s2021\cmugraphicslib\image.cpp(115): warning C4018: '<': signed/unsigned mismatch
  colors.cpp
  CMUgraphics.cpp
f:\cie205project_code_s2021\cmugraphicslib\cmugraphics.cpp(751): warning C4996: 'strcpy': This function or variable may be unsafe. Consider using strcpy_s instead. To disable deprecation, use _CRT_SECURE_NO_WARNINGS. See online help for details.
  c:\program files (x86)\windows kits\10\include\10.0.10240.0\ucrt\string.h(119): note: see declaration of 'strcpy'
f:\cie205project_code_s2021\cmugraphicslib\cmugraphics.cpp(1164): warning C4996: 'sprintf': This function or variable may be unsafe. Consider using sprintf_s instead. To disable deprecation, use _CRT_SECURE_NO_WARNINGS. See online help for details.
  c:\program files (x86)\windows kits\10\include\10.0.10240.0\ucrt\stdio.h(1769): note: see declaration of 'sprintf'
f:\cie205project_code_s2021\cmugraphicslib\cmugraphics.cpp(1171): warning C4996: 'sprintf': This function or variable may be unsafe. Consider using sprintf_s instead. To disable deprecation, use _CRT_SECURE_NO_WARNINGS. See online help for details.
  c:\program files (x86)\windows kits\10\include\10.0.10240.0\ucrt\stdio.h(1769): note: see declaration of 'sprintf'
f:\cie205project_code_s2021\cmugraphicslib\cmugraphics.cpp(1202): warning C4996: 'sprintf': This function or variable may be unsafe. Consider using sprintf_s instead. To disable deprecation, use _CRT_SECURE_NO_WARNINGS. See online help for details.
  c:\program files (x86)\windows kits\10\include\10.0.10240.0\ucrt\stdio.h(1769): note: see declaration of 'sprintf'
f:\cie205project_code_s2021\cmugraphicslib\cmugraphics.cpp(1210): warning C4996: 'sprintf': This function or variable may be unsafe. Consider using sprintf_s instead. To disable deprecation, use _CRT_SECURE_NO_WARNINGS. See online help for details.
  c:\program files (x86)\windows kits\10\include\10.0.10240.0\ucrt\stdio.h(1769): note: see declaration of 'sprintf'
f:\cie205project_code_s2021\cmugraphicslib\cmugraphics.cpp(1357): warning C4018: '>': signed/unsigned mismatch
  auxil.cpp
  Castle.cpp
  Battle.cpp
f:\cie205project_code_s2021\battle.cpp(70): warning C4244: 'argument': conversion from 'time_t' to 'unsigned int', possible loss of data
f:\cie205project_code_s2021\battle.cpp(142): warning C4244: 'argument': conversion from 'time_t' to 'unsigned int', possible loss of data
  Generating Code...
  jutils.c
  jquant2.c
  jquant1.c
  jmemnobs.c
  jmemmgr.c
f:\cie205project_code_s2021\cmugraphicslib\jpeg\jmemmgr.c(1103): warning C4996: 'getenv': This function or variable may be unsafe. Consider using _dupenv_s instead. To disable deprecation, use _CRT_SECURE_NO_WARNINGS. See online help for details.
  c:\program files (x86)\windows kits\10\include\10.0.10240.0\ucrt\stdlib.h(1183): note: see declaration of 'getenv'
f:\cie205project_code_s2021\cmugraphicslib\jpeg\jmemmgr.c(1106): warning C4996: 'sscanf': This function or variable may be unsafe. Consider using sscanf_s instead. To disable deprecation, use _CRT_SECURE_NO_WARNINGS. See online help for details.
  c:\program files (x86)\windows kits\10\include\10.0.10240.0\ucrt\stdio.h(2254): note: see declaration of 'sscanf'
  jidctred.c
  jidctint.c
  jidctfst.c
  jidctflt.c
  jerror.c
f:\cie205project_code_s2021\cmugraphicslib\jpeg\jerror.c(169): warning C4996: 'sprintf': This function or variable may be unsafe. Consider using sprintf_s instead. To disable deprecation, use _CRT_SECURE_NO_WARNINGS. See online help for details.
  c:\program files (x86)\windows kits\10\include\10.0.10240.0\ucrt\stdio.h(1769): note: see declaration of 'sprintf'
f:\cie205project_code_s2021\cmugraphicslib\jpeg\jerror.c(171): warning C4996: 'sprintf': This function or variable may be unsafe. Consider using sprintf_s instead. To disable deprecation, use _CRT_SECURE_NO_WARNINGS. See online help for details.
  c:\program files (x86)\windows kits\10\include\10.0.10240.0\ucrt\stdio.h(1769): note: see declaration of 'sprintf'
  jdtrans.c
  jdsample.c
  jdpostct.c
  jdphuff.c
  jdmerge.c
  jdmaster.c
  jdmarker.c
  jdmainct.c
  jdinput.c
  jdhuff.c
  Generating Code...
  Compiling...
  jddctmgr.c
  jdcolor.c
  jdcoefct.c
  jdatasrc.c
  jdapistd.c
  jdapimin.c
  jcparam.c
  jcomapi.c
  jpegload.c
f:\cie205project_code_s2021\cmugraphicslib\jpegload.c(23): warning C4996: 'fopen': This function or variable may be unsafe. Consider using fopen_s instead. To disable deprecation, use _CRT_SECURE_NO_WARNINGS. See online help for details.
  c:\program files (x86)\windows kits\10\include\10.0.10240.0\ucrt\stdio.h(205): note: see declaration of 'fopen'
  Generating Code...
Battle.obj : warning LNK4075: ignoring '/EDITANDCONTINUE' due to '/SAFESEH' specification
  CastleDSProject.vcxproj -> F:\CIE205Project_Code_S2021\.\Debug\CastleDSProject.exe
  CastleDSProject.vcxproj -> .\Debug/CastleDSProject.pdb (Full PDB)
